{"/Users/dorothyasiimwe/Desktop/sendit-react/src/actions/loginAction.js": {"path":"/Users/dorothyasiimwe/Desktop/sendit-react/src/actions/loginAction.js","statementMap":{"0":{"start":{"line":4,"column":20},"end":{"line":40,"column":1}},"1":{"start":{"line":4,"column":33},"end":{"line":40,"column":1}},"2":{"start":{"line":6,"column":4},"end":{"line":39,"column":9}},"3":{"start":{"line":13,"column":26},"end":{"line":13,"column":41}},"4":{"start":{"line":15,"column":12},"end":{"line":37,"column":13}},"5":{"start":{"line":16,"column":16},"end":{"line":20,"column":19}},"6":{"start":{"line":21,"column":16},"end":{"line":24,"column":19}},"7":{"start":{"line":27,"column":16},"end":{"line":31,"column":19}},"8":{"start":{"line":32,"column":16},"end":{"line":35,"column":19}}},"fnMap":{"0":{"name":"(anonymous_0)","decl":{"start":{"line":4,"column":20},"end":{"line":4,"column":21}},"loc":{"start":{"line":4,"column":33},"end":{"line":40,"column":1}},"line":4},"1":{"name":"(anonymous_1)","decl":{"start":{"line":4,"column":33},"end":{"line":4,"column":34}},"loc":{"start":{"line":4,"column":47},"end":{"line":40,"column":1}},"line":4},"2":{"name":"(anonymous_2)","decl":{"start":{"line":13,"column":14},"end":{"line":13,"column":15}},"loc":{"start":{"line":13,"column":26},"end":{"line":13,"column":41}},"line":13},"3":{"name":"(anonymous_3)","decl":{"start":{"line":14,"column":14},"end":{"line":14,"column":15}},"loc":{"start":{"line":14,"column":24},"end":{"line":38,"column":9}},"line":14}},"branchMap":{"0":{"loc":{"start":{"line":15,"column":12},"end":{"line":37,"column":13}},"type":"if","locations":[{"start":{"line":15,"column":12},"end":{"line":37,"column":13}},{"start":{"line":15,"column":12},"end":{"line":37,"column":13}}],"line":15}},"s":{"0":1,"1":2,"2":2,"3":2,"4":2,"5":0,"6":0,"7":2,"8":2},"f":{"0":2,"1":2,"2":2,"3":2},"b":{"0":[0,2]},"_coverageSchema":"43e27e138ebf9cfc5966b082cf9a028302ed4184","hash":"c22e32b488522a85957d25a905c99f8a894af696"}
,"/Users/dorothyasiimwe/Desktop/sendit-react/src/actions/registerAction.js": {"path":"/Users/dorothyasiimwe/Desktop/sendit-react/src/actions/registerAction.js","statementMap":{"0":{"start":{"line":4,"column":23},"end":{"line":42,"column":1}},"1":{"start":{"line":4,"column":39},"end":{"line":42,"column":1}},"2":{"start":{"line":6,"column":4},"end":{"line":41,"column":9}},"3":{"start":{"line":13,"column":26},"end":{"line":13,"column":41}},"4":{"start":{"line":15,"column":12},"end":{"line":39,"column":13}},"5":{"start":{"line":16,"column":16},"end":{"line":16,"column":41}},"6":{"start":{"line":17,"column":16},"end":{"line":21,"column":19}},"7":{"start":{"line":22,"column":16},"end":{"line":25,"column":19}},"8":{"start":{"line":28,"column":16},"end":{"line":32,"column":19}},"9":{"start":{"line":34,"column":16},"end":{"line":37,"column":19}}},"fnMap":{"0":{"name":"(anonymous_0)","decl":{"start":{"line":4,"column":23},"end":{"line":4,"column":24}},"loc":{"start":{"line":4,"column":39},"end":{"line":42,"column":1}},"line":4},"1":{"name":"(anonymous_1)","decl":{"start":{"line":4,"column":39},"end":{"line":4,"column":40}},"loc":{"start":{"line":4,"column":53},"end":{"line":42,"column":1}},"line":4},"2":{"name":"(anonymous_2)","decl":{"start":{"line":13,"column":14},"end":{"line":13,"column":15}},"loc":{"start":{"line":13,"column":26},"end":{"line":13,"column":41}},"line":13},"3":{"name":"(anonymous_3)","decl":{"start":{"line":14,"column":14},"end":{"line":14,"column":15}},"loc":{"start":{"line":14,"column":24},"end":{"line":40,"column":9}},"line":14}},"branchMap":{"0":{"loc":{"start":{"line":15,"column":12},"end":{"line":39,"column":13}},"type":"if","locations":[{"start":{"line":15,"column":12},"end":{"line":39,"column":13}},{"start":{"line":15,"column":12},"end":{"line":39,"column":13}}],"line":15}},"s":{"0":1,"1":2,"2":2,"3":2,"4":2,"5":0,"6":0,"7":0,"8":2,"9":2},"f":{"0":2,"1":2,"2":2,"3":2},"b":{"0":[0,2]},"_coverageSchema":"43e27e138ebf9cfc5966b082cf9a028302ed4184","hash":"deaa889afef42369f7c410351917eec7dca02c9e"}
,"/Users/dorothyasiimwe/Desktop/sendit-react/src/actions/types.js": {"path":"/Users/dorothyasiimwe/Desktop/sendit-react/src/actions/types.js","statementMap":{"0":{"start":{"line":1,"column":29},"end":{"line":1,"column":44}},"1":{"start":{"line":2,"column":26},"end":{"line":2,"column":38}},"2":{"start":{"line":3,"column":29},"end":{"line":3,"column":44}},"3":{"start":{"line":4,"column":32},"end":{"line":4,"column":50}}},"fnMap":{},"branchMap":{},"s":{"0":3,"1":3,"2":3,"3":3},"f":{},"b":{},"_coverageSchema":"43e27e138ebf9cfc5966b082cf9a028302ed4184","hash":"715cc34de3f25c65f9b231b7e4d273664b91b6f6"}
,"/Users/dorothyasiimwe/Desktop/sendit-react/src/components/Landing.js": {"path":"/Users/dorothyasiimwe/Desktop/sendit-react/src/components/Landing.js","statementMap":{"0":{"start":{"line":3,"column":16},"end":{"line":7,"column":1}},"1":{"start":{"line":4,"column":4},"end":{"line":6,"column":7}}},"fnMap":{"0":{"name":"(anonymous_0)","decl":{"start":{"line":3,"column":16},"end":{"line":3,"column":17}},"loc":{"start":{"line":4,"column":4},"end":{"line":6,"column":7}},"line":4}},"branchMap":{},"s":{"0":1,"1":1},"f":{"0":1},"b":{},"_coverageSchema":"43e27e138ebf9cfc5966b082cf9a028302ed4184","hash":"b68c32e56642865d6fbf72705198bfd7acaaefd1"}
,"/Users/dorothyasiimwe/Desktop/sendit-react/src/reducers/loginReducer.js": {"path":"/Users/dorothyasiimwe/Desktop/sendit-react/src/reducers/loginReducer.js","statementMap":{"0":{"start":{"line":2,"column":21},"end":{"line":7,"column":1}},"1":{"start":{"line":10,"column":21},"end":{"line":26,"column":1}},"2":{"start":{"line":11,"column":4},"end":{"line":25,"column":5}},"3":{"start":{"line":13,"column":12},"end":{"line":17,"column":14}},"4":{"start":{"line":19,"column":12},"end":{"line":22,"column":14}},"5":{"start":{"line":24,"column":12},"end":{"line":24,"column":25}}},"fnMap":{"0":{"name":"(anonymous_0)","decl":{"start":{"line":10,"column":21},"end":{"line":10,"column":22}},"loc":{"start":{"line":10,"column":55},"end":{"line":26,"column":1}},"line":10}},"branchMap":{"0":{"loc":{"start":{"line":10,"column":22},"end":{"line":10,"column":42}},"type":"default-arg","locations":[{"start":{"line":10,"column":30},"end":{"line":10,"column":42}}],"line":10},"1":{"loc":{"start":{"line":11,"column":4},"end":{"line":25,"column":5}},"type":"switch","locations":[{"start":{"line":12,"column":8},"end":{"line":17,"column":14}},{"start":{"line":18,"column":8},"end":{"line":22,"column":14}},{"start":{"line":23,"column":8},"end":{"line":24,"column":25}}],"line":11}},"s":{"0":1,"1":1,"2":3,"3":1,"4":1,"5":1},"f":{"0":3},"b":{"0":[1],"1":[1,1,1]},"_coverageSchema":"43e27e138ebf9cfc5966b082cf9a028302ed4184","hash":"e03ec27ad9fbf02f83c1fe2dbe8d69aeb0998673"}
,"/Users/dorothyasiimwe/Desktop/sendit-react/src/reducers/signupReducer.js": {"path":"/Users/dorothyasiimwe/Desktop/sendit-react/src/reducers/signupReducer.js","statementMap":{"0":{"start":{"line":2,"column":21},"end":{"line":6,"column":1}},"1":{"start":{"line":9,"column":22},"end":{"line":25,"column":1}},"2":{"start":{"line":10,"column":4},"end":{"line":24,"column":5}},"3":{"start":{"line":12,"column":12},"end":{"line":16,"column":14}},"4":{"start":{"line":18,"column":12},"end":{"line":21,"column":14}},"5":{"start":{"line":23,"column":12},"end":{"line":23,"column":25}}},"fnMap":{"0":{"name":"(anonymous_0)","decl":{"start":{"line":9,"column":22},"end":{"line":9,"column":23}},"loc":{"start":{"line":9,"column":56},"end":{"line":25,"column":1}},"line":9}},"branchMap":{"0":{"loc":{"start":{"line":9,"column":23},"end":{"line":9,"column":43}},"type":"default-arg","locations":[{"start":{"line":9,"column":31},"end":{"line":9,"column":43}}],"line":9},"1":{"loc":{"start":{"line":10,"column":4},"end":{"line":24,"column":5}},"type":"switch","locations":[{"start":{"line":11,"column":8},"end":{"line":16,"column":14}},{"start":{"line":17,"column":8},"end":{"line":21,"column":14}},{"start":{"line":22,"column":8},"end":{"line":23,"column":25}}],"line":10}},"s":{"0":1,"1":1,"2":3,"3":1,"4":1,"5":1},"f":{"0":3},"b":{"0":[1],"1":[1,1,1]},"_coverageSchema":"43e27e138ebf9cfc5966b082cf9a028302ed4184","hash":"ce1106e9db01e25bc6673c19c468250db1ee9b6b"}
}
