TN:
SF:/Users/dorothyasiimwe/Desktop/sendit-react/src/actions/loginAction.js
FN:4,(anonymous_0)
FN:4,(anonymous_1)
FN:13,(anonymous_2)
FN:14,(anonymous_3)
FNF:4
FNH:4
FNDA:2,(anonymous_0)
FNDA:2,(anonymous_1)
FNDA:2,(anonymous_2)
FNDA:2,(anonymous_3)
DA:4,2
DA:6,2
DA:13,2
DA:15,2
DA:16,0
DA:21,0
DA:27,2
DA:32,2
LF:8
LH:6
BRDA:15,0,0,0
BRDA:15,0,1,2
BRF:2
BRH:1
end_of_record
TN:
SF:/Users/dorothyasiimwe/Desktop/sendit-react/src/actions/registerAction.js
FN:4,(anonymous_0)
FN:4,(anonymous_1)
FN:13,(anonymous_2)
FN:14,(anonymous_3)
FNF:4
FNH:4
FNDA:2,(anonymous_0)
FNDA:2,(anonymous_1)
FNDA:2,(anonymous_2)
FNDA:2,(anonymous_3)
DA:4,2
DA:6,2
DA:13,2
DA:15,2
DA:16,0
DA:17,0
DA:22,0
DA:28,2
DA:34,2
LF:9
LH:6
BRDA:15,0,0,0
BRDA:15,0,1,2
BRF:2
BRH:1
end_of_record
TN:
SF:/Users/dorothyasiimwe/Desktop/sendit-react/src/actions/types.js
FNF:0
FNH:0
DA:1,3
DA:2,3
DA:3,3
DA:4,3
LF:4
LH:4
BRF:0
BRH:0
end_of_record
TN:
SF:/Users/dorothyasiimwe/Desktop/sendit-react/src/components/Landing.js
FN:3,(anonymous_0)
FNF:1
FNH:1
FNDA:1,(anonymous_0)
DA:3,1
DA:4,1
LF:2
LH:2
BRF:0
BRH:0
end_of_record
TN:
SF:/Users/dorothyasiimwe/Desktop/sendit-react/src/reducers/loginReducer.js
FN:10,(anonymous_0)
FNF:1
FNH:1
FNDA:3,(anonymous_0)
DA:2,1
DA:10,1
DA:11,3
DA:13,1
DA:19,1
DA:24,1
LF:6
LH:6
BRDA:10,0,0,1
BRDA:11,1,0,1
BRDA:11,1,1,1
BRDA:11,1,2,1
BRF:4
BRH:4
end_of_record
TN:
SF:/Users/dorothyasiimwe/Desktop/sendit-react/src/reducers/signupReducer.js
FN:9,(anonymous_0)
FNF:1
FNH:1
FNDA:3,(anonymous_0)
DA:2,1
DA:9,1
DA:10,3
DA:12,1
DA:18,1
DA:23,1
LF:6
LH:6
BRDA:9,0,0,1
BRDA:10,1,0,1
BRDA:10,1,1,1
BRDA:10,1,2,1
BRF:4
BRH:4
end_of_record
